<?xml version="1.0" encoding="UTF-8"?>
<!-- Generated by org.testng.reporters.JUnitXMLReporter -->
<testsuite hostname="Ceroshs-MBP-2" ignored="2" name="Default test" tests="1" failures="0" timestamp="2021-06-06T11:28:04 AEST" time="3.376" errors="0">
  <testcase name="filterBasedOnTheContentType" time="3.329" classname="ResponseDataParsing.JSONPath.JSONPath"/>
  <testcase name="filterUsingComplexJSONPath" time="0.0" classname="ResponseDataParsing.JSONPath.JSONPath">
    <ignored/>
  </testcase> <!-- filterUsingComplexJSONPath -->
  <testcase name="filterUsingJSONPath" time="0.0" classname="ResponseDataParsing.JSONPath.JSONPath">
    <ignored/>
  </testcase> <!-- filterUsingJSONPath -->
</testsuite> <!-- Default test -->
